[debug] [2024-06-03T08:36:09.593Z] ----------------------------------------------------------------------
[debug] [2024-06-03T08:36:09.594Z] Command:       /usr/local/bin/firebase /Users/urielaispurosanchez/.cache/firebase/tools/lib/node_modules/firebase-tools/lib/bin/firebase projects:list --json
[debug] [2024-06-03T08:36:09.595Z] CLI Version:   11.16.1
[debug] [2024-06-03T08:36:09.595Z] Platform:      darwin
[debug] [2024-06-03T08:36:09.595Z] Node Version:  v16.16.0
[debug] [2024-06-03T08:36:09.597Z] Time:          Mon Jun 03 2024 02:36:09 GMT-0600 (Mexican Pacific Daylight Time)
[debug] [2024-06-03T08:36:09.598Z] ----------------------------------------------------------------------
[debug] 
[debug] [2024-06-03T08:36:09.609Z] >>> [apiv2][query] GET https://firebase-public.firebaseio.com/cli.json [none]
[debug] [2024-06-03T08:36:09.635Z] > command requires scopes: ["email","openid","https://www.googleapis.com/auth/cloudplatformprojects.readonly","https://www.googleapis.com/auth/firebase","https://www.googleapis.com/auth/cloud-platform"]
[debug] [2024-06-03T08:36:09.636Z] > authorizing via signed-in user (urielalexis64@gmail.com)
[debug] [2024-06-03T08:36:09.639Z] > refreshing access token with scopes: []
[debug] [2024-06-03T08:36:09.640Z] >>> [apiv2][query] POST https://www.googleapis.com/oauth2/v3/token [none]
[debug] [2024-06-03T08:36:09.641Z] >>> [apiv2][body] POST https://www.googleapis.com/oauth2/v3/token [omitted]
[debug] [2024-06-03T08:36:09.896Z] <<< [apiv2][status] GET https://firebase-public.firebaseio.com/cli.json 200
[debug] [2024-06-03T08:36:09.899Z] <<< [apiv2][body] GET https://firebase-public.firebaseio.com/cli.json {"cloudBuildErrorAfter":1594252800000,"cloudBuildWarnAfter":1590019200000,"defaultNode10After":1594252800000,"minVersion":"3.0.5","node8DeploysDisabledAfter":1613390400000,"node8RuntimeDisabledAfter":1615809600000,"node8WarnAfter":1600128000000}
[debug] [2024-06-03T08:36:09.941Z] <<< [apiv2][status] POST https://www.googleapis.com/oauth2/v3/token 400
[debug] [2024-06-03T08:36:09.942Z] <<< [apiv2][body] POST https://www.googleapis.com/oauth2/v3/token [omitted]
[debug] [2024-06-03T08:36:09.943Z] >>> [apiv2][query] GET https://firebase.googleapis.com/v1beta1/projects pageSize=1000
[debug] [2024-06-03T08:36:10.183Z] <<< [apiv2][status] GET https://firebase.googleapis.com/v1beta1/projects 401
[debug] [2024-06-03T08:36:10.185Z] <<< [apiv2][body] GET https://firebase.googleapis.com/v1beta1/projects [omitted]
[debug] [2024-06-03T08:36:10.187Z] HTTP Error: 401, Request had invalid authentication credentials. Expected OAuth 2 access token, login cookie or other valid authentication credential. See https://developers.google.com/identity/sign-in/web/devconsole-project.
[debug] [2024-06-03T08:36:10.198Z] FirebaseError: HTTP Error: 401, Request had invalid authentication credentials. Expected OAuth 2 access token, login cookie or other valid authentication credential. See https://developers.google.com/identity/sign-in/web/devconsole-project.
    at responseToError (/Users/urielaispurosanchez/.cache/firebase/tools/lib/node_modules/firebase-tools/lib/responseToError.js:49:12)
    at RetryOperation._fn (/Users/urielaispurosanchez/.cache/firebase/tools/lib/node_modules/firebase-tools/lib/apiv2.js:288:77)
    at processTicksAndRejections (node:internal/process/task_queues:96:5)
[error] 
[error] Error: Failed to list Firebase projects. See firebase-debug.log for more info.
